服务启动！
线程：系统进程
时间：2017/11/1 20:48:27
-----------------------------

Url:http://www.117kj.com/index.php/caiji/zxcj18 请求失败！
原因：操作超时
线程：T15
时间：2017/11/1 20:50:07
-----------------------------

Url:http://www.117kj.com/index.php/caiji/zxcj40 请求失败！
原因：操作超时
线程：T37
时间：2017/11/1 20:50:07
-----------------------------

Url:http://www.117kj.com/index.php/caiji/zxcj23 请求失败！
原因：操作超时
线程：T20
时间：2017/11/1 20:50:07
-----------------------------

Url:http://www.117kj.com/index.php/caiji/zxcj19 请求失败！
原因：操作超时
线程：T16
时间：2017/11/1 20:50:07
-----------------------------

Url:http://www.117kj.com/index.php/Cache/index 请求失败！
原因：操作超时
线程：T46
时间：2017/11/1 20:50:07
-----------------------------

Url:http://www.117kj.com/index.php/Html/lists 请求失败！
原因：操作超时
线程：T1
时间：2017/11/1 20:50:07
-----------------------------

Url:http://www.117kj.com/index.php/caiji/zxcj28 请求失败！
原因：操作超时
线程：T25
时间：2017/11/1 20:50:07
-----------------------------

Url:http://www.117kj.com/index.php/caiji/zxcj2 请求失败！
原因：操作超时
线程：T4
时间：2017/11/1 20:50:07
-----------------------------

Url:http://www.117kj.com/index.php/caiji/zxcj9 请求失败！
原因：操作超时
线程：T39
时间：2017/11/1 20:50:07
-----------------------------

Url:http://www.117kj.com/index.php/caiji/zxcj3 请求失败！
原因：操作超时
线程：T5
时间：2017/11/1 20:50:07
-----------------------------

Url:http://www.117kj.com/index.php/caiji/zxcj38 请求失败！
原因：操作超时
线程：T35
时间：2017/11/1 20:50:07
-----------------------------

Url:http://www.117kj.com/index.php/caiji/zxcj16 请求失败！
原因：操作超时
线程：T13
时间：2017/11/1 20:50:07
-----------------------------

Url:http://www.117kj.com/index.php/caiji/zxcj32 请求失败！
原因：操作超时
线程：T29
时间：2017/11/1 20:50:07
-----------------------------

Url:http://www.117kj.com/Article/del.php 请求失败！
原因：操作超时
线程：T43
时间：2017/11/1 20:50:07
-----------------------------

Url:http://www.117kj.com/index.php/caiji/zxcj25 请求失败！
原因：操作超时
线程：T22
时间：2017/11/1 20:50:07
-----------------------------

Url:http://www.117kj.com/index.php/caiji/zxcj4 请求失败！
原因：操作超时
线程：T6
时间：2017/11/1 20:50:07
-----------------------------

Url:http://www.117kj.com/index.php/caiji/zxcj37 请求失败！
原因：操作超时
线程：T34
时间：2017/11/1 20:50:07
-----------------------------

Url:http://www.117kj.com/index.php/caiji/zxcj34 请求失败！
原因：操作超时
线程：T31
时间：2017/11/1 20:50:07
-----------------------------

Url:http://www.117kj.com/index.php/caiji/tkcj 请求失败！
原因：操作超时
线程：T41
时间：2017/11/1 20:50:07
-----------------------------

Url:http://www.117kj.com/index.php/caiji/zxcj36 请求失败！
原因：操作超时
线程：T33
时间：2017/11/1 20:50:07
-----------------------------

Url:http://www.117kj.com/index.php/caiji/zxcj30 请求失败！
原因：操作超时
线程：T27
时间：2017/11/1 20:50:07
-----------------------------

Url:http://www.117kj.com/index.php/caiji/zxcj29 请求失败！
原因：操作超时
线程：T26
时间：2017/11/1 20:50:07
-----------------------------

Url:http://www.117kj.com/index.php/caiji/zxcj13 请求失败！
原因：操作超时
线程：T10
时间：2017/11/1 20:50:07
-----------------------------

Url:http://www.117kj.com/kk8899/sm.php 请求失败！
原因：操作超时
线程：T42
时间：2017/11/1 20:50:07
-----------------------------

服务启动！
线程：系统进程
时间：2017/11/1 20:51:12
-----------------------------

Url:http://www.117kj.com/index.php/caiji/zxcj24 请求失败！
原因：操作超时
线程：T21
时间：2017/11/1 20:52:52
-----------------------------

Url:http://www.117kj.com/index.php/caiji/zxcj19 请求失败！
原因：操作超时
线程：T16
时间：2017/11/1 20:52:52
-----------------------------

Url:http://www.117kj.com/index.php/caiji/zxcj27 请求失败！
原因：操作超时
线程：T24
时间：2017/11/1 20:52:52
-----------------------------

Url:http://www.117kj.com/index.php/caiji/zxcj15 请求失败！
原因：操作超时
线程：T12
时间：2017/11/1 20:52:52
-----------------------------

服务启动！
线程：系统进程
时间：2017/11/1 20:53:52
-----------------------------

Url:http://www.117kj.com/kk8899/caiji.php 请求失败！
原因：无法连接到远程服务器
线程：T0
时间：2017/11/2 3:22:50
-----------------------------

Url:http://www.117kj.com/kk8899/caiji.php 请求失败！
原因：无法连接到远程服务器
线程：T0
时间：2017/11/2 3:22:54
-----------------------------

服务启动！
线程：系统进程
时间：2017/11/2 3:25:14
-----------------------------

Url:http://www.117kj.com/index.php/caiji/zxcj25 请求失败！
原因：无法解析此远程名称: 'www.117kj.com'
线程：T22
时间：2017/11/2 6:29:21
-----------------------------

Url:http://www.117kj.com/index.php/caiji/zxcj26 请求失败！
原因：无法解析此远程名称: 'www.117kj.com'
线程：T23
时间：2017/11/2 6:30:53
-----------------------------

Url:http://www.117kj.com/kk8899/caiji.php 请求失败！
原因：无法解析此远程名称: 'www.117kj.com'
线程：T0
时间：2017/11/2 6:32:29
-----------------------------

Url:http://www.117kj.com/index.php/caiji/zxcj28 请求失败！
原因：无法解析此远程名称: 'www.117kj.com'
线程：T25
时间：2017/11/2 6:34:09
-----------------------------

Url:http://www.117kj.com/index.php/caiji/zxcj29 请求失败！
原因：无法解析此远程名称: 'www.117kj.com'
线程：T26
时间：2017/11/2 6:35:51
-----------------------------

Url:http://www.117kj.com/index.php/Html/lists 请求失败！
原因：无法解析此远程名称: 'www.117kj.com'
线程：T1
时间：2017/11/2 6:36:07
-----------------------------

Url:http://www.117kj.com/index.php/caiji/zxcj40 请求失败！
原因：无法解析此远程名称: 'www.117kj.com'
线程：T37
时间：2017/11/2 6:37:26
-----------------------------

Url:http://www.117kj.com/index.php/caiji/zxcj41 请求失败！
原因：无法解析此远程名称: 'www.117kj.com'
线程：T38
时间：2017/11/2 6:39:03
-----------------------------

Url:http://www.117kj.com/index.php/Html/index 请求失败！
原因：无法解析此远程名称: 'www.117kj.com'
线程：T2
时间：2017/11/2 7:26:09
-----------------------------

Url:http://www.117kj.com/index.php/Html/lists 请求失败！
原因：无法解析此远程名称: 'www.117kj.com'
线程：T1
时间：2017/11/2 7:39:42
-----------------------------

Url:http://www.117kj.com/index.php/caiji/zxcj39 请求失败！
原因：无法解析此远程名称: 'www.117kj.com'
线程：T36
时间：2017/11/2 7:52:26
-----------------------------

Url:http://www.117kj.com/index.php/caiji/zxcj38 请求失败！
原因：无法解析此远程名称: 'www.117kj.com'
线程：T35
时间：2017/11/2 7:55:52
-----------------------------

Url:http://www.117kj.com/index.php/caiji/zxcj37 请求失败！
原因：无法解析此远程名称: 'www.117kj.com'
线程：T34
时间：2017/11/2 7:59:03
-----------------------------

Url:http://www.117kj.com/index.php/caiji/zxcj36 请求失败！
原因：无法解析此远程名称: 'www.117kj.com'
线程：T33
时间：2017/11/2 8:02:33
-----------------------------

Url:http://www.117kj.com/index.php/caiji/zxcj35 请求失败！
原因：无法解析此远程名称: 'www.117kj.com'
线程：T32
时间：2017/11/2 8:05:44
-----------------------------

Url:http://www.117kj.com/index.php/caiji/zxcj34 请求失败！
原因：无法解析此远程名称: 'www.117kj.com'
线程：T31
时间：2017/11/2 8:10:08
-----------------------------

Url:http://www.117kj.com/index.php/caiji/zxcj33 请求失败！
原因：无法解析此远程名称: 'www.117kj.com'
线程：T30
时间：2017/11/2 8:12:28
-----------------------------

Url:http://www.117kj.com/kk8899/caiji.php 请求失败！
原因：无法解析此远程名称: 'www.117kj.com'
线程：T0
时间：2017/11/2 8:15:48
-----------------------------

Url:http://www.117kj.com/index.php/caiji/zxcj31 请求失败！
原因：无法解析此远程名称: 'www.117kj.com'
线程：T28
时间：2017/11/2 8:19:24
-----------------------------

Url:http://www.117kj.com/kk8899/caiji.php 请求失败！
原因：无法解析此远程名称: 'www.117kj.com'
线程：T0
时间：2017/11/2 8:22:27
-----------------------------

Url:http://www.117kj.com/index.php/caiji/kjcj 请求失败！
原因：无法解析此远程名称: 'www.117kj.com'
线程：T40
时间：2017/11/2 8:25:55
-----------------------------

Url:http://www.117kj.com/kk8899/caiji.php 请求失败！
原因：无法解析此远程名称: 'www.117kj.com'
线程：T0
时间：2017/11/2 8:25:55
-----------------------------

Url:http://www.117kj.com/index.php/Html/index 请求失败！
原因：无法解析此远程名称: 'www.117kj.com'
线程：T2
时间：2017/11/2 8:26:24
-----------------------------

Url:http://www.117kj.com/kk8899/caiji.php 请求失败！
原因：无法解析此远程名称: 'www.117kj.com'
线程：T0
时间：2017/11/2 8:32:35
-----------------------------

Url:http://www.117kj.com/index.php/caiji/zxcj21 请求失败！
原因：无法解析此远程名称: 'www.117kj.com'
线程：T18
时间：2017/11/2 8:35:48
-----------------------------

服务停止！
线程：系统进程
时间：2017/11/2 11:07:46
-----------------------------

服务启动！
线程：系统进程
时间：2017/11/2 11:08:20
-----------------------------

